2026-02-07 22:14:32 [ERROR]: Error: Plan is not defined
    at convertError (C:\Users\USER\Desktop\project\Node\elitetrust\middleware\errorHandler.js:57:13)
    at Layer.handleError (C:\Users\USER\Desktop\project\Node\elitetrust\node_modules\router\lib\layer.js:116:17)
    at trimPrefix (C:\Users\USER\Desktop\project\Node\elitetrust\node_modules\router\index.js:340:13)
    at C:\Users\USER\Desktop\project\Node\elitetrust\node_modules\router\index.js:297:9
    at processParams (C:\Users\USER\Desktop\project\Node\elitetrust\node_modules\router\index.js:582:12)
    at next (C:\Users\USER\Desktop\project\Node\elitetrust\node_modules\router\index.js:291:5)
    at Layer.handleError (C:\Users\USER\Desktop\project\Node\elitetrust\node_modules\router\lib\layer.js:111:12)
    at trimPrefix (C:\Users\USER\Desktop\project\Node\elitetrust\node_modules\router\index.js:340:13)
    at C:\Users\USER\Desktop\project\Node\elitetrust\node_modules\router\index.js:297:9
    at processParams (C:\Users\USER\Desktop\project\Node\elitetrust\node_modules\router\index.js:582:12)
2026-02-07 22:14:32 [ERROR]: Error: Plan is not defined
    at convertError (C:\Users\USER\Desktop\project\Node\elitetrust\middleware\errorHandler.js:57:13)
    at Layer.handleError (C:\Users\USER\Desktop\project\Node\elitetrust\node_modules\router\lib\layer.js:116:17)
    at trimPrefix (C:\Users\USER\Desktop\project\Node\elitetrust\node_modules\router\index.js:340:13)
    at C:\Users\USER\Desktop\project\Node\elitetrust\node_modules\router\index.js:297:9
    at processParams (C:\Users\USER\Desktop\project\Node\elitetrust\node_modules\router\index.js:582:12)
    at next (C:\Users\USER\Desktop\project\Node\elitetrust\node_modules\router\index.js:291:5)
    at Layer.handleError (C:\Users\USER\Desktop\project\Node\elitetrust\node_modules\router\lib\layer.js:111:12)
    at trimPrefix (C:\Users\USER\Desktop\project\Node\elitetrust\node_modules\router\index.js:340:13)
    at C:\Users\USER\Desktop\project\Node\elitetrust\node_modules\router\index.js:297:9
    at processParams (C:\Users\USER\Desktop\project\Node\elitetrust\node_modules\router\index.js:582:12)
2026-02-07 22:14:57 [ERROR]: Error: Plan is not defined
    at convertError (C:\Users\USER\Desktop\project\Node\elitetrust\middleware\errorHandler.js:57:13)
    at Layer.handleError (C:\Users\USER\Desktop\project\Node\elitetrust\node_modules\router\lib\layer.js:116:17)
    at trimPrefix (C:\Users\USER\Desktop\project\Node\elitetrust\node_modules\router\index.js:340:13)
    at C:\Users\USER\Desktop\project\Node\elitetrust\node_modules\router\index.js:297:9
    at processParams (C:\Users\USER\Desktop\project\Node\elitetrust\node_modules\router\index.js:582:12)
    at next (C:\Users\USER\Desktop\project\Node\elitetrust\node_modules\router\index.js:291:5)
    at Layer.handleError (C:\Users\USER\Desktop\project\Node\elitetrust\node_modules\router\lib\layer.js:111:12)
    at trimPrefix (C:\Users\USER\Desktop\project\Node\elitetrust\node_modules\router\index.js:340:13)
    at C:\Users\USER\Desktop\project\Node\elitetrust\node_modules\router\index.js:297:9
    at processParams (C:\Users\USER\Desktop\project\Node\elitetrust\node_modules\router\index.js:582:12)
2026-02-07 22:14:57 [ERROR]: Error: Plan is not defined
    at convertError (C:\Users\USER\Desktop\project\Node\elitetrust\middleware\errorHandler.js:57:13)
    at Layer.handleError (C:\Users\USER\Desktop\project\Node\elitetrust\node_modules\router\lib\layer.js:116:17)
    at trimPrefix (C:\Users\USER\Desktop\project\Node\elitetrust\node_modules\router\index.js:340:13)
    at C:\Users\USER\Desktop\project\Node\elitetrust\node_modules\router\index.js:297:9
    at processParams (C:\Users\USER\Desktop\project\Node\elitetrust\node_modules\router\index.js:582:12)
    at next (C:\Users\USER\Desktop\project\Node\elitetrust\node_modules\router\index.js:291:5)
    at Layer.handleError (C:\Users\USER\Desktop\project\Node\elitetrust\node_modules\router\lib\layer.js:111:12)
    at trimPrefix (C:\Users\USER\Desktop\project\Node\elitetrust\node_modules\router\index.js:340:13)
    at C:\Users\USER\Desktop\project\Node\elitetrust\node_modules\router\index.js:297:9
    at processParams (C:\Users\USER\Desktop\project\Node\elitetrust\node_modules\router\index.js:582:12)
2026-02-07 22:15:00 [ERROR]: Error: Plan is not defined
    at convertError (C:\Users\USER\Desktop\project\Node\elitetrust\middleware\errorHandler.js:57:13)
    at Layer.handleError (C:\Users\USER\Desktop\project\Node\elitetrust\node_modules\router\lib\layer.js:116:17)
    at trimPrefix (C:\Users\USER\Desktop\project\Node\elitetrust\node_modules\router\index.js:340:13)
    at C:\Users\USER\Desktop\project\Node\elitetrust\node_modules\router\index.js:297:9
    at processParams (C:\Users\USER\Desktop\project\Node\elitetrust\node_modules\router\index.js:582:12)
    at next (C:\Users\USER\Desktop\project\Node\elitetrust\node_modules\router\index.js:291:5)
    at Layer.handleError (C:\Users\USER\Desktop\project\Node\elitetrust\node_modules\router\lib\layer.js:111:12)
    at trimPrefix (C:\Users\USER\Desktop\project\Node\elitetrust\node_modules\router\index.js:340:13)
    at C:\Users\USER\Desktop\project\Node\elitetrust\node_modules\router\index.js:297:9
    at processParams (C:\Users\USER\Desktop\project\Node\elitetrust\node_modules\router\index.js:582:12)
2026-02-07 22:15:00 [ERROR]: Error: Plan is not defined
    at convertError (C:\Users\USER\Desktop\project\Node\elitetrust\middleware\errorHandler.js:57:13)
    at Layer.handleError (C:\Users\USER\Desktop\project\Node\elitetrust\node_modules\router\lib\layer.js:116:17)
    at trimPrefix (C:\Users\USER\Desktop\project\Node\elitetrust\node_modules\router\index.js:340:13)
    at C:\Users\USER\Desktop\project\Node\elitetrust\node_modules\router\index.js:297:9
    at processParams (C:\Users\USER\Desktop\project\Node\elitetrust\node_modules\router\index.js:582:12)
    at next (C:\Users\USER\Desktop\project\Node\elitetrust\node_modules\router\index.js:291:5)
    at Layer.handleError (C:\Users\USER\Desktop\project\Node\elitetrust\node_modules\router\lib\layer.js:111:12)
    at trimPrefix (C:\Users\USER\Desktop\project\Node\elitetrust\node_modules\router\index.js:340:13)
    at C:\Users\USER\Desktop\project\Node\elitetrust\node_modules\router\index.js:297:9
    at processParams (C:\Users\USER\Desktop\project\Node\elitetrust\node_modules\router\index.js:582:12)
2026-02-07 23:21:51 [ERROR]: Error: WHERE parameter "coin_id" has invalid "undefined" value
    at PostgresQueryGenerator.whereItemQuery (C:\Users\USER\Desktop\project\Node\elitetrust\node_modules\sequelize\lib\dialects\abstract\query-generator.js:1746:13)
    at C:\Users\USER\Desktop\project\Node\elitetrust\node_modules\sequelize\lib\dialects\abstract\query-generator.js:1737:25
    at Array.forEach (<anonymous>)
    at PostgresQueryGenerator.whereItemsQuery (C:\Users\USER\Desktop\project\Node\elitetrust\node_modules\sequelize\lib\dialects\abstract\query-generator.js:1735:35)
    at PostgresQueryGenerator.getWhereConditions (C:\Users\USER\Desktop\project\Node\elitetrust\node_modules\sequelize\lib\dialects\abstract\query-generator.js:2078:19)
    at PostgresQueryGenerator.selectQuery (C:\Users\USER\Desktop\project\Node\elitetrust\node_modules\sequelize\lib\dialects\abstract\query-generator.js:991:28)
    at PostgresQueryInterface.select (C:\Users\USER\Desktop\project\Node\elitetrust\node_modules\sequelize\lib\dialects\abstract\query-interface.js:407:59)
    at WalletAddress.findAll (C:\Users\USER\Desktop\project\Node\elitetrust\node_modules\sequelize\lib\model.js:1140:47)
    at process.processTicksAndRejections (node:internal/process/task_queues:103:5)
    at async WalletAddress.findOne (C:\Users\USER\Desktop\project\Node\elitetrust\node_modules\sequelize\lib\model.js:1240:12)
2026-02-07 23:30:05 [ERROR]: Error: WHERE parameter "coin_id" has invalid "undefined" value
    at PostgresQueryGenerator.whereItemQuery (C:\Users\USER\Desktop\project\Node\elitetrust\node_modules\sequelize\lib\dialects\abstract\query-generator.js:1746:13)
    at C:\Users\USER\Desktop\project\Node\elitetrust\node_modules\sequelize\lib\dialects\abstract\query-generator.js:1737:25
    at Array.forEach (<anonymous>)
    at PostgresQueryGenerator.whereItemsQuery (C:\Users\USER\Desktop\project\Node\elitetrust\node_modules\sequelize\lib\dialects\abstract\query-generator.js:1735:35)
    at PostgresQueryGenerator.getWhereConditions (C:\Users\USER\Desktop\project\Node\elitetrust\node_modules\sequelize\lib\dialects\abstract\query-generator.js:2078:19)
    at PostgresQueryGenerator.selectQuery (C:\Users\USER\Desktop\project\Node\elitetrust\node_modules\sequelize\lib\dialects\abstract\query-generator.js:991:28)
    at PostgresQueryInterface.select (C:\Users\USER\Desktop\project\Node\elitetrust\node_modules\sequelize\lib\dialects\abstract\query-interface.js:407:59)
    at WalletAddress.findAll (C:\Users\USER\Desktop\project\Node\elitetrust\node_modules\sequelize\lib\model.js:1140:47)
    at process.processTicksAndRejections (node:internal/process/task_queues:103:5)
    at async WalletAddress.findOne (C:\Users\USER\Desktop\project\Node\elitetrust\node_modules\sequelize\lib\model.js:1240:12)
2026-02-07 23:47:16 [ERROR]: Error: networkId is not defined
    at convertError (C:\Users\USER\Desktop\project\Node\elitetrust\middleware\errorHandler.js:57:13)
    at Layer.handleError (C:\Users\USER\Desktop\project\Node\elitetrust\node_modules\router\lib\layer.js:116:17)
    at trimPrefix (C:\Users\USER\Desktop\project\Node\elitetrust\node_modules\router\index.js:340:13)
    at C:\Users\USER\Desktop\project\Node\elitetrust\node_modules\router\index.js:297:9
    at processParams (C:\Users\USER\Desktop\project\Node\elitetrust\node_modules\router\index.js:582:12)
    at next (C:\Users\USER\Desktop\project\Node\elitetrust\node_modules\router\index.js:291:5)
    at Layer.handleError (C:\Users\USER\Desktop\project\Node\elitetrust\node_modules\router\lib\layer.js:111:12)
    at trimPrefix (C:\Users\USER\Desktop\project\Node\elitetrust\node_modules\router\index.js:340:13)
    at C:\Users\USER\Desktop\project\Node\elitetrust\node_modules\router\index.js:297:9
    at processParams (C:\Users\USER\Desktop\project\Node\elitetrust\node_modules\router\index.js:582:12)
2026-02-07 23:47:36 [ERROR]: Error: WHERE parameter "network_id" has invalid "undefined" value
    at convertError (C:\Users\USER\Desktop\project\Node\elitetrust\middleware\errorHandler.js:57:13)
    at Layer.handleError (C:\Users\USER\Desktop\project\Node\elitetrust\node_modules\router\lib\layer.js:116:17)
    at trimPrefix (C:\Users\USER\Desktop\project\Node\elitetrust\node_modules\router\index.js:340:13)
    at C:\Users\USER\Desktop\project\Node\elitetrust\node_modules\router\index.js:297:9
    at processParams (C:\Users\USER\Desktop\project\Node\elitetrust\node_modules\router\index.js:582:12)
    at next (C:\Users\USER\Desktop\project\Node\elitetrust\node_modules\router\index.js:291:5)
    at Layer.handleError (C:\Users\USER\Desktop\project\Node\elitetrust\node_modules\router\lib\layer.js:111:12)
    at trimPrefix (C:\Users\USER\Desktop\project\Node\elitetrust\node_modules\router\index.js:340:13)
    at C:\Users\USER\Desktop\project\Node\elitetrust\node_modules\router\index.js:297:9
    at processParams (C:\Users\USER\Desktop\project\Node\elitetrust\node_modules\router\index.js:582:12)
2026-02-08 00:01:52 [ERROR]: Error: Greeting never received
    at convertError (C:\Users\USER\Desktop\project\Node\elitetrust\middleware\errorHandler.js:57:13)
    at Layer.handleError (C:\Users\USER\Desktop\project\Node\elitetrust\node_modules\router\lib\layer.js:116:17)
    at trimPrefix (C:\Users\USER\Desktop\project\Node\elitetrust\node_modules\router\index.js:340:13)
    at C:\Users\USER\Desktop\project\Node\elitetrust\node_modules\router\index.js:297:9
    at processParams (C:\Users\USER\Desktop\project\Node\elitetrust\node_modules\router\index.js:582:12)
    at next (C:\Users\USER\Desktop\project\Node\elitetrust\node_modules\router\index.js:291:5)
    at Layer.handleError (C:\Users\USER\Desktop\project\Node\elitetrust\node_modules\router\lib\layer.js:111:12)
    at trimPrefix (C:\Users\USER\Desktop\project\Node\elitetrust\node_modules\router\index.js:340:13)
    at C:\Users\USER\Desktop\project\Node\elitetrust\node_modules\router\index.js:297:9
    at processParams (C:\Users\USER\Desktop\project\Node\elitetrust\node_modules\router\index.js:582:12)
2026-02-08 00:03:00 [ERROR]: Error: Greeting never received
    at convertError (C:\Users\USER\Desktop\project\Node\elitetrust\middleware\errorHandler.js:57:13)
    at Layer.handleError (C:\Users\USER\Desktop\project\Node\elitetrust\node_modules\router\lib\layer.js:116:17)
    at trimPrefix (C:\Users\USER\Desktop\project\Node\elitetrust\node_modules\router\index.js:340:13)
    at C:\Users\USER\Desktop\project\Node\elitetrust\node_modules\router\index.js:297:9
    at processParams (C:\Users\USER\Desktop\project\Node\elitetrust\node_modules\router\index.js:582:12)
    at next (C:\Users\USER\Desktop\project\Node\elitetrust\node_modules\router\index.js:291:5)
    at Layer.handleError (C:\Users\USER\Desktop\project\Node\elitetrust\node_modules\router\lib\layer.js:111:12)
    at trimPrefix (C:\Users\USER\Desktop\project\Node\elitetrust\node_modules\router\index.js:340:13)
    at C:\Users\USER\Desktop\project\Node\elitetrust\node_modules\router\index.js:297:9
    at processParams (C:\Users\USER\Desktop\project\Node\elitetrust\node_modules\router\index.js:582:12)
2026-02-08 00:04:34 [ERROR]: Error: Greeting never received
    at convertError (C:\Users\USER\Desktop\project\Node\elitetrust\middleware\errorHandler.js:57:13)
    at Layer.handleError (C:\Users\USER\Desktop\project\Node\elitetrust\node_modules\router\lib\layer.js:116:17)
    at trimPrefix (C:\Users\USER\Desktop\project\Node\elitetrust\node_modules\router\index.js:340:13)
    at C:\Users\USER\Desktop\project\Node\elitetrust\node_modules\router\index.js:297:9
    at processParams (C:\Users\USER\Desktop\project\Node\elitetrust\node_modules\router\index.js:582:12)
    at next (C:\Users\USER\Desktop\project\Node\elitetrust\node_modules\router\index.js:291:5)
    at Layer.handleError (C:\Users\USER\Desktop\project\Node\elitetrust\node_modules\router\lib\layer.js:111:12)
    at trimPrefix (C:\Users\USER\Desktop\project\Node\elitetrust\node_modules\router\index.js:340:13)
    at C:\Users\USER\Desktop\project\Node\elitetrust\node_modules\router\index.js:297:9
    at processParams (C:\Users\USER\Desktop\project\Node\elitetrust\node_modules\router\index.js:582:12)
